<?xml version="1.0" encoding="UTF-8"?>
<testng-results ignored="0" total="1" passed="1" failed="0" skipped="0">
  <reporter-output>
  </reporter-output>
  <suite started-at="2023-01-20T06:33:04 IST" name="Default suite" finished-at="2023-01-20T06:33:07 IST" duration-ms="2864">
    <groups>
    </groups>
    <test started-at="2023-01-20T06:33:04 IST" name="Default test" finished-at="2023-01-20T06:33:07 IST" duration-ms="2864">
      <class name="com.api.httpsmethods.HttpMethods">
        <test-method signature="createUser()[pri:0, instance:com.api.httpsmethods.HttpMethods@5acf93bb]" started-at="2023-01-20T06:33:04 IST" name="createUser" finished-at="2023-01-20T06:33:07 IST" duration-ms="2819" status="PASS">
          <reporter-output>
          </reporter-output>
        </test-method> <!-- createUser -->
      </class> <!-- com.api.httpsmethods.HttpMethods -->
    </test> <!-- Default test -->
  </suite> <!-- Default suite -->
</testng-results>
